C51 COMPILER V9.53.0.0   UTILS                                                             01/22/2018 00:07:44 PAGE 1   


C51 COMPILER V9.53.0.0, COMPILATION OF MODULE UTILS
OBJECT MODULE PLACED IN .\src\utils.OBJ
COMPILER INVOKED BY: c:\SiliconLabs\SimplicityStudio\v4\developer\toolchains\keil_8051\9.53\BIN\C51.exe C:\Users\sxmchxn
                    -\SimplicityStudio\v4_workspace\Humidity_Temperature_LCD_4bits\src\utils.c OMF2 SMALL DEBUG OBJECTEXTEND ROM(LARGE) WARNI
                    -NGLEVEL(2) FLOATFUZZY(3) OPTIMIZE(8,SPEED) DEFINE(DEBUG=1) INTVECTOR(0X0000) INTPROMOTE INCDIR(C:/Users/sxmchxn/Simplici
                    -tyStudio/v4_workspace/Humidity_Temperature_LCD_4bits/inc;C:/SiliconLabs/SimplicityStudio/v4/developer/sdks/8051/v4.0.4//
                    -Device/shared/si8051base;C:/SiliconLabs/SimplicityStudio/v4/developer/sdks/8051/v4.0.4//Device/EFM8BB1/inc) PRINT(.\src\
                    -utils.lst) COND PAGEWIDTH(120) PAGELENGTH(65) OBJECT(.\src\utils.OBJ)

line level    source

   1          /*
   2           * utils.c
   3           *
   4           *  Created on: Jan 21, 2018
   5           *      Author: sxmchxn
   6           */
   7          #include <SI_EFM8BB1_Register_Enums.h>                  // SFR declarations
   8          
   9          
  10          void delay_us (uint16_t i)
  11          {
  12   1              // microsecond increments based on 12 MHz sysclk and timer0
  13   1              // timer0 prescaled to sysclock/12
  14   1              // timer0 is in 16 bit mode
  15   1              TH0 = 0;
  16   1              TL0 = 0;
  17   1              while( ((TH0 << 8) | TL0) < i );
  18   1      }
  19          
  20          void delay_ms (uint16_t i)
  21          {
  22   1              // for every one millisecond, call delay_us() 1000 times
  23   1              while ( i > 0 )
  24   1              {
  25   2                      delay_us(1000);
  26   2                      i--;
  27   2              }
  28   1      }
  29          
  30          void delay_seconds (uint16_t i)
  31          {
  32   1              // for every one second, call delay_ms() 1000 times
  33   1              while ( i > 0 )
  34   1              {
  35   2                      delay_ms(1000);
  36   2                      i--;
  37   2              }
  38   1      }


MODULE INFORMATION:   STATIC OVERLAYABLE
   CODE SIZE        =     89    ----
   CONSTANT SIZE    =   ----    ----
   XDATA SIZE       =   ----    ----
   PDATA SIZE       =   ----    ----
   DATA SIZE        =   ----       2
   IDATA SIZE       =   ----    ----
   BIT SIZE         =   ----    ----
   EDATA SIZE       =   ----    ----
   HDATA SIZE       =   ----    ----
   XDATA CONST SIZE =   ----    ----
C51 COMPILER V9.53.0.0   UTILS                                                             01/22/2018 00:07:44 PAGE 2   

   FAR CONST SIZE   =   ----    ----
END OF MODULE INFORMATION.


C51 COMPILATION COMPLETE.  0 WARNING(S),  0 ERROR(S)
